CRITICAL - 2023-03-04 10:03:12 --> Use of undefined constant base - assumed 'base' (this will throw an Error in a future version of PHP)
in APPPATH\Views\welcome_message.php on line 213.
 1 APPPATH\Views\welcome_message.php(213): CodeIgniter\Debug\Exceptions->errorHandler(2, 'Use of undefined constant base - assumed \'base\' (this will throw an Error in a future version of PHP)', 'APPPATH\\Views\\welcome_message.php', 213, [])
 2 SYSTEMPATH\View\View.php(213): include('APPPATH\\Views\\welcome_message.php')
 3 SYSTEMPATH\View\View.php(216): CodeIgniter\View\View->CodeIgniter\View\{closure}()
 4 SYSTEMPATH\Common.php(1184): CodeIgniter\View\View->render('welcome_message', [], true)
 5 APPPATH\Controllers\Home.php(9): view('welcome_message')
 6 SYSTEMPATH\CodeIgniter.php(934): App\Controllers\Home->index()
 7 SYSTEMPATH\CodeIgniter.php(499): CodeIgniter\CodeIgniter->runController(Object(App\Controllers\Home))
 8 SYSTEMPATH\CodeIgniter.php(368): CodeIgniter\CodeIgniter->handleRequest(null, Object(Config\Cache), false)
 9 FCPATH\index.php(67): CodeIgniter\CodeIgniter->run()
CRITICAL - 2023-03-04 10:03:16 --> Use of undefined constant base - assumed 'base' (this will throw an Error in a future version of PHP)
in APPPATH\Views\welcome_message.php on line 213.
 1 APPPATH\Views\welcome_message.php(213): CodeIgniter\Debug\Exceptions->errorHandler(2, 'Use of undefined constant base - assumed \'base\' (this will throw an Error in a future version of PHP)', 'APPPATH\\Views\\welcome_message.php', 213, [])
 2 SYSTEMPATH\View\View.php(213): include('APPPATH\\Views\\welcome_message.php')
 3 SYSTEMPATH\View\View.php(216): CodeIgniter\View\View->CodeIgniter\View\{closure}()
 4 SYSTEMPATH\Common.php(1184): CodeIgniter\View\View->render('welcome_message', [], true)
 5 APPPATH\Controllers\Home.php(9): view('welcome_message')
 6 SYSTEMPATH\CodeIgniter.php(934): App\Controllers\Home->index()
 7 SYSTEMPATH\CodeIgniter.php(499): CodeIgniter\CodeIgniter->runController(Object(App\Controllers\Home))
 8 SYSTEMPATH\CodeIgniter.php(368): CodeIgniter\CodeIgniter->handleRequest(null, Object(Config\Cache), false)
 9 FCPATH\index.php(67): CodeIgniter\CodeIgniter->run()
CRITICAL - 2023-03-04 10:03:16 --> Use of undefined constant base - assumed 'base' (this will throw an Error in a future version of PHP)
in APPPATH\Views\welcome_message.php on line 213.
 1 APPPATH\Views\welcome_message.php(213): CodeIgniter\Debug\Exceptions->errorHandler(2, 'Use of undefined constant base - assumed \'base\' (this will throw an Error in a future version of PHP)', 'APPPATH\\Views\\welcome_message.php', 213, [])
 2 SYSTEMPATH\View\View.php(213): include('APPPATH\\Views\\welcome_message.php')
 3 SYSTEMPATH\View\View.php(216): CodeIgniter\View\View->CodeIgniter\View\{closure}()
 4 SYSTEMPATH\Common.php(1184): CodeIgniter\View\View->render('welcome_message', [], true)
 5 APPPATH\Controllers\Home.php(9): view('welcome_message')
 6 SYSTEMPATH\CodeIgniter.php(934): App\Controllers\Home->index()
 7 SYSTEMPATH\CodeIgniter.php(499): CodeIgniter\CodeIgniter->runController(Object(App\Controllers\Home))
 8 SYSTEMPATH\CodeIgniter.php(368): CodeIgniter\CodeIgniter->handleRequest(null, Object(Config\Cache), false)
 9 FCPATH\index.php(67): CodeIgniter\CodeIgniter->run()
CRITICAL - 2023-03-04 10:03:16 --> Use of undefined constant base - assumed 'base' (this will throw an Error in a future version of PHP)
in APPPATH\Views\welcome_message.php on line 213.
 1 APPPATH\Views\welcome_message.php(213): CodeIgniter\Debug\Exceptions->errorHandler(2, 'Use of undefined constant base - assumed \'base\' (this will throw an Error in a future version of PHP)', 'APPPATH\\Views\\welcome_message.php', 213, [])
 2 SYSTEMPATH\View\View.php(213): include('APPPATH\\Views\\welcome_message.php')
 3 SYSTEMPATH\View\View.php(216): CodeIgniter\View\View->CodeIgniter\View\{closure}()
 4 SYSTEMPATH\Common.php(1184): CodeIgniter\View\View->render('welcome_message', [], true)
 5 APPPATH\Controllers\Home.php(9): view('welcome_message')
 6 SYSTEMPATH\CodeIgniter.php(934): App\Controllers\Home->index()
 7 SYSTEMPATH\CodeIgniter.php(499): CodeIgniter\CodeIgniter->runController(Object(App\Controllers\Home))
 8 SYSTEMPATH\CodeIgniter.php(368): CodeIgniter\CodeIgniter->handleRequest(null, Object(Config\Cache), false)
 9 FCPATH\index.php(67): CodeIgniter\CodeIgniter->run()
